\BOOKMARK [1][-]{section.1}{Vorwort}{}% 1
\BOOKMARK [1][-]{section.2}{Einf\374hrung}{}% 2
\BOOKMARK [2][-]{subsection.2.1}{Zahlenmengen}{section.2}% 3
\BOOKMARK [3][-]{subsubsection.2.1.1}{Nat\374rliche Zahlen}{subsection.2.1}% 4
\BOOKMARK [3][-]{subsubsection.2.1.2}{Ganze Zahlen}{subsection.2.1}% 5
\BOOKMARK [3][-]{subsubsection.2.1.3}{Reelle Zahlen}{subsection.2.1}% 6
\BOOKMARK [1][-]{section.3}{Imagin\344re Zahlen}{}% 7
\BOOKMARK [1][-]{section.4}{Komplexe Zahlen}{}% 8
\BOOKMARK [2][-]{subsection.4.1}{Einf\374hrung in die Welt der komplexen Zahlen}{section.4}% 9
\BOOKMARK [3][-]{subsubsection.4.1.1}{Die Darstellung in der Gau\337schen Zahlenebene}{subsection.4.1}% 10
\BOOKMARK [3][-]{subsubsection.4.1.2}{Die Polarform}{subsection.4.1}% 11
\BOOKMARK [3][-]{subsubsection.4.1.3}{Die Exponentialform}{subsection.4.1}% 12
\BOOKMARK [2][-]{subsection.4.2}{Rechenoperationen}{section.4}% 13
\BOOKMARK [3][-]{subsubsection.4.2.1}{Addition}{subsection.4.2}% 14
\BOOKMARK [3][-]{subsubsection.4.2.2}{Subtraktion}{subsection.4.2}% 15
\BOOKMARK [3][-]{subsubsection.4.2.3}{Multiplikation}{subsection.4.2}% 16
\BOOKMARK [3][-]{subsubsection.4.2.4}{Division}{subsection.4.2}% 17
\BOOKMARK [1][-]{section.5}{Komplexe Funktionen}{}% 18
\BOOKMARK [2][-]{subsection.5.1}{Der Komplexe Logarithmus}{section.5}% 19
\BOOKMARK [1][-]{section.6}{Eigenst\344ndigkeitserkl\344rung}{}% 20
